
> my-app@0.0.0 dev
> vite --host 0.0.0.0 --port 5173


  [32m[1mVITE[22m v7.3.0[39m  [2mready in [0m[1m439[22m[2m[0m ms[22m

  [32m➜[39m  [1mLocal[22m:   [36mhttp://localhost:[1m5173[22m/[39m
  [32m➜[39m  [1mNetwork[22m: [36mhttp://172.19.192.1:[1m5173[22m/[39m
  [32m➜[39m  [1mNetwork[22m: [36mhttp://192.168.20.207:[1m5173[22m/[39m
[2m10:16:57 PM[22m [36m[1m[vite][22m[39m [90m[2m(client)[22m[39m [32mhmr update [39m[2m/src/layouts/AdminLayout.tsx, /src/index.css[22m
[2m10:17:29 PM[22m [36m[1m[vite][22m[39m [90m[2m(client)[22m[39m [32mhmr update [39m[2m/src/pages/admin/InvoiceApprovals.tsx, /src/index.css[22m
[2m10:20:59 PM[22m [36m[1m[vite][22m[39m [90m[2m(client)[22m[39m [32mhmr update [39m[2m/src/index.css, /src/pages/admin/Reports.tsx, /src/pages/admin/InvoiceHistory.tsx, /src/pages/admin/Jobs.tsx, /src/pages/admin/Dealerships.tsx, /src/pages/admin/InvoiceApprovals.tsx, /src/pages/admin/Technicians.tsx, /src/pages/admin/Services.tsx[22m
[2m10:21:00 PM[22m [36m[1m[vite][22m[39m [90m[2m(client)[22m[39m [33mhmr invalidate [39m[2m/src/pages/admin/Dealerships.tsx[22m Could not Fast Refresh ("MOCK_DEALERSHIPS" export is incompatible). Learn more at https://github.com/vitejs/vite-plugin-react/tree/main/packages/plugin-react#consistent-components-exports
[2m10:21:00 PM[22m [36m[1m[vite][22m[39m [90m[2m(client)[22m[39m [32mhmr update [39m[2m/src/App.tsx, /src/pages/technician/Schedule.tsx, /src/pages/admin/Reports.tsx, /src/pages/technician/AvailableJobs.tsx, /src/pages/admin/Jobs.tsx, /src/pages/technician/MyJobs.tsx, /src/pages/admin/Settings.tsx[22m
[2m10:21:00 PM[22m [36m[1m[vite][22m[39m [90m[2m(client)[22m[39m [33mhmr invalidate [39m[2m/src/pages/admin/Technicians.tsx[22m Could not Fast Refresh ("MOCK_TECHS" export is incompatible). Learn more at https://github.com/vitejs/vite-plugin-react/tree/main/packages/plugin-react#consistent-components-exports
[2m10:21:00 PM[22m [36m[1m[vite][22m[39m [90m[2m(client)[22m[39m [32mhmr update [39m[2m/src/App.tsx, /src/pages/admin/Reports.tsx, /src/pages/admin/Jobs.tsx[22m
[2m10:21:00 PM[22m [36m[1m[vite][22m[39m [90m[2m(client)[22m[39m [33mhmr invalidate [39m[2m/src/pages/admin/Services.tsx[22m Could not Fast Refresh ("MOCK_SERVICES" export is incompatible). Learn more at https://github.com/vitejs/vite-plugin-react/tree/main/packages/plugin-react#consistent-components-exports
[2m10:21:00 PM[22m [36m[1m[vite][22m[39m [90m[2m(client)[22m[39m [32mhmr update [39m[2m/src/App.tsx, /src/pages/technician/Schedule.tsx, /src/pages/technician/AvailableJobs.tsx, /src/pages/admin/Jobs.tsx, /src/pages/technician/MyJobs.tsx, /src/pages/admin/Settings.tsx[22m
[2m10:21:08 PM[22m [36m[1m[vite][22m[39m [90m[2m(client)[22m[39m [32mhmr update [39m[2m/src/index.css, /src/pages/admin/Reports.tsx, /src/pages/admin/InvoiceHistory.tsx, /src/pages/admin/Jobs.tsx, /src/pages/admin/Dealerships.tsx, /src/pages/admin/InvoiceApprovals.tsx, /src/pages/admin/Technicians.tsx, /src/pages/admin/Services.tsx[22m
[2m10:21:08 PM[22m [36m[1m[vite][22m[39m [90m[2m(client)[22m[39m [33mhmr invalidate [39m[2m/src/pages/admin/Dealerships.tsx[22m Could not Fast Refresh ("MOCK_DEALERSHIPS" export is incompatible). Learn more at https://github.com/vitejs/vite-plugin-react/tree/main/packages/plugin-react#consistent-components-exports
[2m10:21:08 PM[22m [36m[1m[vite][22m[39m [90m[2m(client)[22m[39m [32mhmr update [39m[2m/src/App.tsx, /src/pages/technician/Schedule.tsx, /src/pages/admin/Reports.tsx, /src/pages/technician/AvailableJobs.tsx, /src/pages/admin/Jobs.tsx, /src/pages/technician/MyJobs.tsx, /src/pages/admin/Settings.tsx[22m
[2m10:21:08 PM[22m [36m[1m[vite][22m[39m [90m[2m(client)[22m[39m [33mhmr invalidate [39m[2m/src/pages/admin/Technicians.tsx[22m Could not Fast Refresh ("MOCK_TECHS" export is incompatible). Learn more at https://github.com/vitejs/vite-plugin-react/tree/main/packages/plugin-react#consistent-components-exports
[2m10:21:08 PM[22m [36m[1m[vite][22m[39m [90m[2m(client)[22m[39m [32mhmr update [39m[2m/src/App.tsx, /src/pages/admin/Reports.tsx, /src/pages/admin/Jobs.tsx[22m
[2m10:21:08 PM[22m [36m[1m[vite][22m[39m [90m[2m(client)[22m[39m [33mhmr invalidate [39m[2m/src/pages/admin/Services.tsx[22m Could not Fast Refresh ("MOCK_SERVICES" export is incompatible). Learn more at https://github.com/vitejs/vite-plugin-react/tree/main/packages/plugin-react#consistent-components-exports
[2m10:21:08 PM[22m [36m[1m[vite][22m[39m [90m[2m(client)[22m[39m [32mhmr update [39m[2m/src/App.tsx, /src/pages/technician/Schedule.tsx, /src/pages/technician/AvailableJobs.tsx, /src/pages/admin/Jobs.tsx, /src/pages/technician/MyJobs.tsx, /src/pages/admin/Settings.tsx[22m
[2m10:21:19 PM[22m [36m[1m[vite][22m[39m [90m[2m(client)[22m[39m [32mhmr update [39m[2m/src/index.css, /src/components/modals/ColumnExportDialog.tsx[22m
[2m10:22:10 PM[22m [36m[1m[vite][22m[39m [90m[2m(client)[22m[39m [32mhmr update [39m[2m/src/pages/admin/InvoiceApprovals.tsx, /src/index.css[22m
[2m10:22:10 PM[22m [36m[1m[vite][22m[39m [90m[2m(client)[22m[39m [32mhmr update [39m[2m/src/pages/admin/Dealerships.tsx, /src/index.css[22m
[2m10:22:10 PM[22m [36m[1m[vite][22m[39m [90m[2m(client)[22m[39m [32mhmr update [39m[2m/src/pages/admin/Technicians.tsx, /src/index.css[22m
[2m10:22:10 PM[22m [36m[1m[vite][22m[39m [90m[2m(client)[22m[39m [32mhmr update [39m[2m/src/index.css[22m
[2m10:22:10 PM[22m [36m[1m[vite][22m[39m [90m[2m(client)[22m[39m [32mhmr update [39m[2m/src/pages/admin/Reports.tsx, /src/index.css[22m
[2m10:22:10 PM[22m [36m[1m[vite][22m[39m [90m[2m(client)[22m[39m [32mhmr update [39m[2m/src/pages/admin/Jobs.tsx, /src/index.css[22m
[2m10:22:10 PM[22m [36m[1m[vite][22m[39m [90m[2m(client)[22m[39m [32mhmr update [39m[2m/src/pages/admin/Services.tsx, /src/index.css[22m
[2m10:22:10 PM[22m [36m[1m[vite][22m[39m [90m[2m(client)[22m[39m [32mhmr update [39m[2m/src/pages/admin/InvoiceHistory.tsx, /src/index.css[22m
[2m10:22:10 PM[22m [36m[1m[vite][22m[39m [90m[2m(client)[22m[39m [33mhmr invalidate [39m[2m/src/pages/admin/Dealerships.tsx[22m Could not Fast Refresh ("MOCK_DEALERSHIPS" export is incompatible). Learn more at https://github.com/vitejs/vite-plugin-react/tree/main/packages/plugin-react#consistent-components-exports
[2m10:22:10 PM[22m [36m[1m[vite][22m[39m [90m[2m(client)[22m[39m [32mhmr update [39m[2m/src/App.tsx, /src/pages/technician/Schedule.tsx, /src/pages/admin/Reports.tsx, /src/pages/technician/AvailableJobs.tsx, /src/pages/admin/Jobs.tsx, /src/pages/technician/MyJobs.tsx, /src/pages/admin/Settings.tsx[22m
[2m10:22:10 PM[22m [36m[1m[vite][22m[39m [90m[2m(client)[22m[39m [33mhmr invalidate [39m[2m/src/pages/admin/Technicians.tsx[22m Could not Fast Refresh ("MOCK_TECHS" export is incompatible). Learn more at https://github.com/vitejs/vite-plugin-react/tree/main/packages/plugin-react#consistent-components-exports
[2m10:22:10 PM[22m [36m[1m[vite][22m[39m [90m[2m(client)[22m[39m [32mhmr update [39m[2m/src/App.tsx, /src/pages/admin/Reports.tsx, /src/pages/admin/Jobs.tsx[22m
[2m10:23:23 PM[22m [36m[1m[vite][22m[39m [90m[2m(client)[22m[39m [32mhmr update [39m[2m/src/pages/admin/Settings.tsx, /src/index.css[22m
[2m10:28:56 PM[22m [36m[1m[vite][22m[39m [90m[2m(client)[22m[39m [32mhmr update [39m[2m/src/pages/admin/Settings.tsx, /src/index.css[22m
[2m10:35:46 PM[22m [36m[1m[vite][22m[39m [90m[2m(client)[22m[39m [32mhmr update [39m[2m/src/index.css, /src/pages/admin/Reports.tsx, /src/pages/admin/InvoiceHistory.tsx, /src/pages/admin/Jobs.tsx, /src/pages/admin/Dealerships.tsx, /src/pages/admin/InvoiceApprovals.tsx, /src/pages/admin/Technicians.tsx, /src/pages/admin/Services.tsx[22m
[2m10:35:48 PM[22m [36m[1m[vite][22m[39m [90m[2m(client)[22m[39m [32m✨ new dependencies optimized: [33mxlsx[32m[39m
[2m10:35:48 PM[22m [36m[1m[vite][22m[39m [90m[2m(client)[22m[39m [32m✨ optimized dependencies changed. reloading[39m
[2m10:35:48 PM[22m [36m[1m[vite][22m[39m [90m[2m(client)[22m[39m [33mhmr invalidate [39m[2m/src/pages/admin/Dealerships.tsx[22m Could not Fast Refresh ("MOCK_DEALERSHIPS" export is incompatible). Learn more at https://github.com/vitejs/vite-plugin-react/tree/main/packages/plugin-react#consistent-components-exports
[2m10:35:48 PM[22m [36m[1m[vite][22m[39m [90m[2m(client)[22m[39m [32mhmr update [39m[2m/src/App.tsx, /src/pages/technician/Schedule.tsx, /src/pages/admin/Reports.tsx, /src/pages/technician/AvailableJobs.tsx, /src/pages/admin/Jobs.tsx, /src/pages/technician/MyJobs.tsx, /src/pages/admin/Settings.tsx[22m
[2m10:35:48 PM[22m [36m[1m[vite][22m[39m [90m[2m(client)[22m[39m [33mhmr invalidate [39m[2m/src/pages/admin/Technicians.tsx[22m Could not Fast Refresh ("MOCK_TECHS" export is incompatible). Learn more at https://github.com/vitejs/vite-plugin-react/tree/main/packages/plugin-react#consistent-components-exports
[2m10:35:48 PM[22m [36m[1m[vite][22m[39m [90m[2m(client)[22m[39m [32mhmr update [39m[2m/src/App.tsx, /src/pages/admin/Reports.tsx, /src/pages/admin/Jobs.tsx[22m
[2m10:35:48 PM[22m [36m[1m[vite][22m[39m [90m[2m(client)[22m[39m [33mhmr invalidate [39m[2m/src/pages/admin/Services.tsx[22m Could not Fast Refresh ("MOCK_SERVICES" export is incompatible). Learn more at https://github.com/vitejs/vite-plugin-react/tree/main/packages/plugin-react#consistent-components-exports
[2m10:35:48 PM[22m [36m[1m[vite][22m[39m [90m[2m(client)[22m[39m [32mhmr update [39m[2m/src/App.tsx, /src/pages/technician/Schedule.tsx, /src/pages/technician/AvailableJobs.tsx, /src/pages/admin/Jobs.tsx, /src/pages/technician/MyJobs.tsx, /src/pages/admin/Settings.tsx[22m
